[25/Jan/2022 11:43:13] INFO [django.server:161] "GET / HTTP/1.1" 200 1681
[25/Jan/2022 11:43:13] INFO [django.server:161] "GET /static/css/home-style/home.min.0c5e2f87124a.css HTTP/1.1" 200 437
[25/Jan/2022 11:43:13] INFO [django.server:161] "GET /static/css/mobile-view/mobile.min.bff130a76c48.css HTTP/1.1" 200 309
[25/Jan/2022 11:43:14] INFO [django.server:161] "GET /static/images/part1.8ef6ce69fe7b.png HTTP/1.1" 200 2793772
[25/Jan/2022 11:43:14] INFO [django.server:161] "GET /static/images/part2.6df8ad4f3137.png HTTP/1.1" 200 2420375
[25/Jan/2022 11:43:14] INFO [django.server:161] "GET /static/images/part3.5218dd290d6f.png HTTP/1.1" 200 2430389
[25/Jan/2022 11:43:14] INFO [django.server:161] "GET /static/images/logout.0c97c766a44b.png HTTP/1.1" 200 92615
[25/Jan/2022 11:43:14] INFO [django.server:161] "GET /static/images/cursor.639ce1076d0e.png HTTP/1.1" 200 1662
[25/Jan/2022 11:43:14] INFO [django.server:161] "GET /static/images/start-btn.abda18d2c9f1.png HTTP/1.1" 200 87851
[25/Jan/2022 11:43:14] INFO [django.server:161] "GET /static/css/mobile-view/mobile.min.css.map HTTP/1.1" 200 602
[25/Jan/2022 11:43:14] INFO [django.server:161] "GET /static/css/home-style/home.min.css.map HTTP/1.1" 200 837
[25/Jan/2022 11:43:19] INFO [django.server:161] "GET /accounts/logout/?next=/ HTTP/1.1" 302 0
[25/Jan/2022 11:43:19] INFO [django.server:161] "GET / HTTP/1.1" 302 0
[25/Jan/2022 11:43:19] INFO [django.server:161] "GET /accounts/login HTTP/1.1" 301 0
[25/Jan/2022 11:43:19] INFO [django.server:161] "GET /accounts/login/ HTTP/1.1" 200 3366
[25/Jan/2022 11:43:19] INFO [django.server:161] "GET /static/css/login.32151253d904.css HTTP/1.1" 200 1154
[25/Jan/2022 11:43:20] INFO [django.server:161] "GET /static/images/loginImg.6efe0d79fc2a.jpg HTTP/1.1" 200 1404943
[25/Jan/2022 11:43:20] INFO [django.server:161] "GET /static/fonts/avenger.6cf5fc945fa8.ttf HTTP/1.1" 200 6768
[25/Jan/2022 11:43:20] INFO [django.server:161] "GET /static/images/logo.79653b67fbf2.svg HTTP/1.1" 200 393
[25/Jan/2022 11:43:29] INFO [django.server:161] "POST /accounts/login/ HTTP/1.1" 302 0
[25/Jan/2022 11:43:29] INFO [django.server:161] "GET / HTTP/1.1" 200 1681
[25/Jan/2022 11:43:33] INFO [django.server:161] "GET /solve HTTP/1.1" 200 8585
[25/Jan/2022 11:43:33] INFO [django.server:161] "GET /static/css/riddle.e77249779aa6.css HTTP/1.1" 200 2664
[25/Jan/2022 11:43:33] INFO [django.server:161] "GET /static/css/riddle2/riddle2.min.cc06b1841298.css HTTP/1.1" 200 286
[25/Jan/2022 11:43:33] INFO [django.server:161] "GET /static/js/riddle2.fbd478e5a74a.js HTTP/1.1" 200 560
[25/Jan/2022 11:43:33] INFO [django.server:161] "GET /static/images/avatar.eab488dc9126.jpg HTTP/1.1" 200 113059
[25/Jan/2022 11:43:33] INFO [django.server:161] "GET /static/images/wordSearch.c5c87445227a.png HTTP/1.1" 200 69343
[25/Jan/2022 11:43:33] INFO [django.server:161] "GET /static/images/gameui.3b79c230d6ab.png HTTP/1.1" 200 538807
[25/Jan/2022 11:43:33] INFO [django.server:161] "GET /static/fonts/AvengeanceMightiestAvenger-837g.5cd6df665ff2.ttf HTTP/1.1" 200 41283
[25/Jan/2022 11:43:36] INFO [django.server:161] "POST /solve HTTP/1.1" 200 1120
[25/Jan/2022 11:43:36] INFO [django.server:161] "GET /static/css/buffer-style/buffer.min.e99d35711323.css HTTP/1.1" 200 604
[25/Jan/2022 11:43:38] INFO [django.server:161] "GET /solve HTTP/1.1" 200 8585
[25/Jan/2022 11:43:57] INFO [django.server:161] "GET /admin/ HTTP/1.1" 302 0
[25/Jan/2022 11:43:57] INFO [django.server:161] "GET /admin/login/?next=/admin/ HTTP/1.1" 200 2443
[25/Jan/2022 11:43:57] INFO [django.server:161] "GET /static/admin/css/base.1f418065fc2c.css HTTP/1.1" 200 4649
[25/Jan/2022 11:43:57] INFO [django.server:161] "GET /static/admin/css/nav_sidebar.0fd434145f4d.css HTTP/1.1" 200 673
[25/Jan/2022 11:43:57] INFO [django.server:161] "GET /static/admin/css/responsive.b128bdf0edef.css HTTP/1.1" 200 3389
[25/Jan/2022 11:43:57] INFO [django.server:161] "GET /static/admin/css/login.c35adf41bb6e.css HTTP/1.1" 200 410
[25/Jan/2022 11:43:57] INFO [django.server:161] "GET /static/admin/css/fonts.168bab448fee.css HTTP/1.1" 200 189
[25/Jan/2022 11:43:57] INFO [django.server:161] "GET /static/admin/js/nav_sidebar.7605597ddf52.js HTTP/1.1" 200 412
[25/Jan/2022 11:43:57] INFO [django.server:161] "GET /static/admin/fonts/Roboto-Light-webfont.c73eb1ceba33.woff HTTP/1.1" 200 85692
[25/Jan/2022 11:43:57] INFO [django.server:161] "GET /static/admin/fonts/Roboto-Regular-webfont.35b07eb2f871.woff HTTP/1.1" 200 85876
[25/Jan/2022 11:43:57] INFO [django.server:161] "GET /static/admin/fonts/Roboto-Bold-webfont.50d75e48e0a3.woff HTTP/1.1" 200 86184
[25/Jan/2022 11:44:00] INFO [django.server:161] "POST /admin/login/?next=/admin/ HTTP/1.1" 302 0
[25/Jan/2022 11:44:00] INFO [django.server:161] "GET /admin/ HTTP/1.1" 200 7907
[25/Jan/2022 11:44:00] INFO [django.server:161] "GET /static/admin/css/dashboard.be83f13e4369.css HTTP/1.1" 200 245
[25/Jan/2022 11:44:00] INFO [django.server:161] "GET /static/admin/img/icon-addlink.d519b3bab011.svg HTTP/1.1" 200 206
[25/Jan/2022 11:44:00] INFO [django.server:161] "GET /static/admin/img/icon-changelink.18d2fd706348.svg HTTP/1.1" 200 269
[25/Jan/2022 11:44:00] INFO [django.server:161] "GET /static/admin/img/icon-deletelink.564ef9dc3854.svg HTTP/1.1" 200 221
[25/Jan/2022 11:44:02] INFO [django.server:161] "GET /admin/quiz/riddle/ HTTP/1.1" 200 10795
[25/Jan/2022 11:44:02] INFO [django.server:161] "GET /static/admin/css/changelists.c70d77c47e69.css HTTP/1.1" 200 1566
[25/Jan/2022 11:44:02] INFO [django.server:161] "GET /static/admin/js/admin/RelatedObjectLookups.b4d76b6aaf0b.js HTTP/1.1" 200 1571
[25/Jan/2022 11:44:02] INFO [django.server:161] "GET /static/admin/js/core.ccd84108ec57.js HTTP/1.1" 200 1505
[25/Jan/2022 11:44:02] INFO [django.server:161] "GET /static/admin/js/jquery.init.b7781a0897fc.js HTTP/1.1" 200 236
[25/Jan/2022 11:44:02] INFO [django.server:161] "GET /static/admin/js/vendor/jquery/jquery.min.dc5e7f18c8d3.js HTTP/1.1" 200 30879
[25/Jan/2022 11:44:02] INFO [django.server:161] "GET /static/admin/js/actions.a6d23e8853fd.js HTTP/1.1" 200 1859
[25/Jan/2022 11:44:02] INFO [django.server:161] "GET /static/admin/js/urlify.25cc3eac8123.js HTTP/1.1" 200 2581
[25/Jan/2022 11:44:02] INFO [django.server:161] "GET /admin/jsi18n/ HTTP/1.1" 200 3325
[25/Jan/2022 11:44:02] INFO [django.server:161] "GET /static/admin/js/prepopulate.bd2361dfd64d.js HTTP/1.1" 200 536
[25/Jan/2022 11:44:02] INFO [django.server:161] "GET /static/admin/js/vendor/xregexp/xregexp.min.b0439563a5d3.js HTTP/1.1" 200 37609
[25/Jan/2022 11:44:02] INFO [django.server:161] "GET /static/admin/img/tooltag-add.e59d620a9742.svg HTTP/1.1" 200 203
[25/Jan/2022 11:44:07] WARNING [django.security.csrf:224] Forbidden (CSRF token missing or incorrect.): /solve
[25/Jan/2022 11:44:07] WARNING [django.server:161] "POST /solve HTTP/1.1" 403 1019
[25/Jan/2022 11:44:09] INFO [django.server:161] "GET /solve HTTP/1.1" 200 8144
[25/Jan/2022 11:44:09] INFO [django.server:161] "GET /static/images/ultron.551e14752290.png HTTP/1.1" 200 342823
[25/Jan/2022 11:45:09] INFO [django.server:161] "GET /solve HTTP/1.1" 200 8142
[25/Jan/2022 11:45:22] INFO [django.server:161] "GET /solve HTTP/1.1" 200 8139
[25/Jan/2022 11:47:44] INFO [django.server:161] "GET /solve HTTP/1.1" 200 8177
[25/Jan/2022 11:48:07] INFO [django.server:161] "GET /solve HTTP/1.1" 200 8177
[25/Jan/2022 11:48:21] INFO [django.server:161] "GET /solve HTTP/1.1" 200 8142
[25/Jan/2022 11:48:23] INFO [django.server:161] "GET /static/css/riddle2/riddle2.min.css.map HTTP/1.1" 200 762
[25/Jan/2022 11:48:23] INFO [django.server:161] "GET /static/css/mobile-view/mobile.min.css.map HTTP/1.1" 200 602
[25/Jan/2022 11:50:27] INFO [django.server:161] "GET /solve HTTP/1.1" 200 8157
[25/Jan/2022 11:50:28] INFO [django.server:161] "GET /static/css/mobile-view/mobile.min.css.map HTTP/1.1" 200 602
[25/Jan/2022 11:50:28] INFO [django.server:161] "GET /static/css/riddle2/riddle2.min.css.map HTTP/1.1" 200 762
[25/Jan/2022 11:50:38] INFO [django.server:161] "GET /solve HTTP/1.1" 200 8160
[25/Jan/2022 11:50:53] INFO [django.server:161] "GET /solve HTTP/1.1" 200 8036
[25/Jan/2022 11:50:59] INFO [django.server:161] "POST /solve HTTP/1.1" 200 16
[25/Jan/2022 11:51:02] INFO [django.server:161] "GET /solve HTTP/1.1" 200 8468
[25/Jan/2022 11:51:04] INFO [django.server:161] "POST /solve HTTP/1.1" 200 1120
[25/Jan/2022 11:51:07] INFO [django.server:161] "GET /solve HTTP/1.1" 200 8468
[25/Jan/2022 11:51:21] INFO [django.utils.autoreload:637] Watching for file changes with StatReloader
[25/Jan/2022 11:51:25] INFO [django.server:161] "GET /admin HTTP/1.1" 301 0
[25/Jan/2022 11:51:25] INFO [django.server:161] "GET /admin/ HTTP/1.1" 302 0
[25/Jan/2022 11:51:26] INFO [django.server:161] "GET /admin/login/?next=/admin/ HTTP/1.1" 200 2283
[25/Jan/2022 11:51:26] INFO [django.server:161] "GET /static/admin/css/base.1f418065fc2c.css HTTP/1.1" 200 4649
[25/Jan/2022 11:51:26] INFO [django.server:161] "GET /static/admin/css/nav_sidebar.0fd434145f4d.css HTTP/1.1" 200 673
[25/Jan/2022 11:51:26] INFO [django.server:161] "GET /static/admin/css/login.c35adf41bb6e.css HTTP/1.1" 200 410
[25/Jan/2022 11:51:26] INFO [django.server:161] "GET /static/admin/css/responsive.b128bdf0edef.css HTTP/1.1" 200 3389
[25/Jan/2022 11:51:26] INFO [django.server:161] "GET /static/admin/css/fonts.168bab448fee.css HTTP/1.1" 200 189
[25/Jan/2022 11:51:26] INFO [django.server:161] "GET /static/admin/js/nav_sidebar.7605597ddf52.js HTTP/1.1" 200 412
[25/Jan/2022 11:51:26] INFO [django.server:161] "GET /static/admin/fonts/Roboto-Light-webfont.c73eb1ceba33.woff HTTP/1.1" 200 85692
[25/Jan/2022 11:51:26] INFO [django.server:161] "GET /static/admin/fonts/Roboto-Regular-webfont.35b07eb2f871.woff HTTP/1.1" 200 85876
[25/Jan/2022 11:51:29] INFO [django.server:161] "POST /admin/login/?next=/admin/ HTTP/1.1" 302 0
[25/Jan/2022 11:51:29] INFO [django.server:161] "GET /admin/ HTTP/1.1" 200 7907
[25/Jan/2022 11:51:29] INFO [django.server:161] "GET /static/admin/css/dashboard.be83f13e4369.css HTTP/1.1" 200 245
[25/Jan/2022 11:51:29] INFO [django.server:161] "GET /static/admin/img/icon-addlink.d519b3bab011.svg HTTP/1.1" 200 206
[25/Jan/2022 11:51:29] INFO [django.server:161] "GET /static/admin/img/icon-changelink.18d2fd706348.svg HTTP/1.1" 200 269
[25/Jan/2022 11:51:29] INFO [django.server:161] "GET /static/admin/img/icon-deletelink.564ef9dc3854.svg HTTP/1.1" 200 221
[25/Jan/2022 11:51:29] INFO [django.server:161] "GET /static/admin/fonts/Roboto-Bold-webfont.50d75e48e0a3.woff HTTP/1.1" 200 86184
[25/Jan/2022 11:51:33] INFO [django.server:161] "GET / HTTP/1.1" 302 0
[25/Jan/2022 11:51:33] INFO [django.server:161] "GET /accounts/login HTTP/1.1" 301 0
[25/Jan/2022 11:51:33] INFO [django.server:161] "GET /accounts/login/ HTTP/1.1" 200 3366
[25/Jan/2022 11:51:33] INFO [django.server:161] "GET /static/css/login.32151253d904.css HTTP/1.1" 200 1154
[25/Jan/2022 11:51:33] INFO [django.server:161] "GET /static/css/mobile-view/mobile.min.bff130a76c48.css HTTP/1.1" 200 309
[25/Jan/2022 11:51:33] INFO [django.server:161] "GET /static/images/loginImg.6efe0d79fc2a.jpg HTTP/1.1" 200 1404943
[25/Jan/2022 11:51:33] INFO [django.server:161] "GET /static/fonts/avenger.6cf5fc945fa8.ttf HTTP/1.1" 200 6768
[25/Jan/2022 11:51:34] INFO [django.server:161] "GET /static/images/logo.79653b67fbf2.svg HTTP/1.1" 200 393
[25/Jan/2022 11:51:36] INFO [django.server:161] "POST /accounts/login/ HTTP/1.1" 302 0
[25/Jan/2022 11:51:36] INFO [django.server:161] "GET / HTTP/1.1" 200 1681
[25/Jan/2022 11:51:36] INFO [django.server:161] "GET /static/css/home-style/home.min.0c5e2f87124a.css HTTP/1.1" 200 437
[25/Jan/2022 11:51:36] INFO [django.server:161] "GET /static/images/part2.6df8ad4f3137.png HTTP/1.1" 200 2420375
[25/Jan/2022 11:51:36] INFO [django.server:161] "GET /static/images/part3.5218dd290d6f.png HTTP/1.1" 200 2430389
[25/Jan/2022 11:51:36] INFO [django.server:161] "GET /static/images/logout.0c97c766a44b.png HTTP/1.1" 200 92615
[25/Jan/2022 11:51:36] INFO [django.server:161] "GET /static/images/part1.8ef6ce69fe7b.png HTTP/1.1" 200 2793772
[25/Jan/2022 11:51:36] INFO [django.server:161] "GET /static/images/cursor.639ce1076d0e.png HTTP/1.1" 200 1662
[25/Jan/2022 11:51:36] INFO [django.server:161] "GET /static/images/start-btn.abda18d2c9f1.png HTTP/1.1" 200 87851
[25/Jan/2022 11:51:39] INFO [django.server:161] "GET /solve HTTP/1.1" 200 8477
[25/Jan/2022 11:51:40] INFO [django.server:161] "GET /static/css/riddle2/riddle2.min.cc06b1841298.css HTTP/1.1" 200 286
[25/Jan/2022 11:51:40] INFO [django.server:161] "GET /static/css/riddle.e77249779aa6.css HTTP/1.1" 200 2664
[25/Jan/2022 11:51:40] INFO [django.server:161] "GET /static/js/riddle2.fbd478e5a74a.js HTTP/1.1" 200 560
[25/Jan/2022 11:51:40] INFO [django.server:161] "GET /static/images/avatar.eab488dc9126.jpg HTTP/1.1" 200 113059
[25/Jan/2022 11:51:40] INFO [django.server:161] "GET /static/images/wordSearch.c5c87445227a.png HTTP/1.1" 200 69343
[25/Jan/2022 11:51:40] INFO [django.server:161] "GET /static/images/gameui.3b79c230d6ab.png HTTP/1.1" 200 538807
[25/Jan/2022 11:51:40] INFO [django.server:161] "GET /static/fonts/AvengeanceMightiestAvenger-837g.5cd6df665ff2.ttf HTTP/1.1" 200 41283
[25/Jan/2022 11:51:43] INFO [django.server:161] "POST /solve HTTP/1.1" 200 1120
[25/Jan/2022 11:51:44] INFO [django.server:161] "GET /static/css/buffer-style/buffer.min.e99d35711323.css HTTP/1.1" 200 604
[25/Jan/2022 11:51:46] INFO [django.server:161] "GET /solve HTTP/1.1" 200 8477
